This file contains any messages produced by compilers while
running configure, to aid debugging if configure makes a mistake.

It was created by Xen Hypervisor Tools configure 4.13, which was
generated by GNU Autoconf 2.69.  Invocation command line was

  $ ./configure --disable-option-checking --prefix=/usr --build=x86_64-redhat-linux-gnu --host=x86_64-redhat-linux-gnu --program-prefix= --disable-dependency-tracking --exec-prefix=/usr --bindir=/usr/bin --sbindir=/usr/sbin --sysconfdir=/etc --datadir=/usr/share --includedir=/usr/include --libdir=/usr/lib64 --libexecdir=/usr/libexec --localstatedir=/var --sharedstatedir=/var/lib --mandir=/usr/share/man --infodir=/usr/share/info --disable-qemu-traditional --disable-seabios --disable-stubdom --disable-xsmpolicy --disable-pvshim --enable-rombios --enable-systemd --with-xenstored=oxenstored --with-system-qemu=/usr/lib64/xen/bin/qemu-system-i386 --with-system-ipxe=/usr/share/ipxe/ipxe.bin --with-system-ovmf=/usr/share/edk2/OVMF.fd build_alias=x86_64-redhat-linux-gnu host_alias=x86_64-redhat-linux-gnu --cache-file=/dev/null --srcdir=.

## --------- ##
## Platform. ##
## --------- ##

hostname = 582cfd5ec99b
uname -m = x86_64
uname -r = 6.2.0-32-generic
uname -s = Linux
uname -v = #32~22.04.1-Ubuntu SMP PREEMPT_DYNAMIC Fri Aug 18 10:40:13 UTC 2

/usr/bin/uname -p = x86_64
/bin/uname -X     = unknown

/bin/arch              = x86_64
/usr/bin/arch -k       = unknown
/usr/convex/getsysinfo = unknown
/usr/bin/hostinfo      = unknown
/bin/machine           = unknown
/usr/bin/oslevel       = unknown
/bin/universe          = unknown

PATH: /usr/local/sbin
PATH: /usr/local/bin
PATH: /usr/sbin
PATH: /usr/bin
PATH: /sbin
PATH: /bin


## ----------- ##
## Core tests. ##
## ----------- ##

configure:2476: WARNING: Setting CC, CFLAGS, LDFLAGS, LIBS, CPPFLAGS or CPP is not recommended, use PREPEND_INCLUDES, PREPEND_LIB, APPEND_INCLUDES and APPEND_LIB instead when possible.
configure:2487: checking build system type
configure:2501: result: x86_64-redhat-linux-gnu
configure:2521: checking host system type
configure:2534: result: x86_64-redhat-linux-gnu
configure:2569: checking for x86_64-redhat-linux-gnu-gcc
configure:2599: result: no
configure:2609: checking for gcc
configure:2625: found /usr/bin/gcc
configure:2636: result: gcc
configure:2865: checking for C compiler version
configure:2874: gcc --version >&5
gcc (GCC) 4.8.5 20150623 (Red Hat 4.8.5-28)
Copyright (C) 2015 Free Software Foundation, Inc.
This is free software; see the source for copying conditions.  There is NO
warranty; not even for MERCHANTABILITY or FITNESS FOR A PARTICULAR PURPOSE.

configure:2885: $? = 0
configure:2874: gcc -v >&5
Using built-in specs.
COLLECT_GCC=gcc
COLLECT_LTO_WRAPPER=/usr/libexec/gcc/x86_64-redhat-linux/4.8.5/lto-wrapper
Target: x86_64-redhat-linux
Configured with: ../configure --prefix=/usr --mandir=/usr/share/man --infodir=/usr/share/info --with-bugurl=http://bugzilla.redhat.com/bugzilla --enable-bootstrap --enable-shared --enable-threads=posix --enable-checking=release --with-system-zlib --enable-__cxa_atexit --disable-libunwind-exceptions --enable-gnu-unique-object --enable-linker-build-id --with-linker-hash-style=gnu --enable-languages=c,c++,objc,obj-c++,java,fortran,ada,go,lto --enable-plugin --enable-initfini-array --disable-libgcj --with-isl=/builddir/build/BUILD/gcc-4.8.5-20150702/obj-x86_64-redhat-linux/isl-install --with-cloog=/builddir/build/BUILD/gcc-4.8.5-20150702/obj-x86_64-redhat-linux/cloog-install --enable-gnu-indirect-function --with-tune=generic --with-arch_32=x86-64 --build=x86_64-redhat-linux
Thread model: posix
gcc version 4.8.5 20150623 (Red Hat 4.8.5-28) (GCC) 
configure:2885: $? = 0
configure:2874: gcc -V >&5
gcc: error: unrecognized command line option '-V'
gcc: fatal error: no input files
compilation terminated.
configure:2885: $? = 4
configure:2874: gcc -qversion >&5
gcc: error: unrecognized command line option '-qversion'
gcc: fatal error: no input files
compilation terminated.
configure:2885: $? = 4
configure:2905: checking whether the C compiler works
configure:2927: gcc -O2 -g -pipe -Wall -Wp,-D_FORTIFY_SOURCE=2 -fexceptions -fstack-protector-strong --param=ssp-buffer-size=4 -grecord-gcc-switches   -m64 -mtune=generic  -Wl,-z,relro  conftest.c  >&5
configure:2931: $? = 0
configure:2979: result: yes
configure:2982: checking for C compiler default output file name
configure:2984: result: a.out
configure:2990: checking for suffix of executables
configure:2997: gcc -o conftest -O2 -g -pipe -Wall -Wp,-D_FORTIFY_SOURCE=2 -fexceptions -fstack-protector-strong --param=ssp-buffer-size=4 -grecord-gcc-switches   -m64 -mtune=generic  -Wl,-z,relro  conftest.c  >&5
configure:3001: $? = 0
configure:3023: result: 
configure:3045: checking whether we are cross compiling
configure:3053: gcc -o conftest -O2 -g -pipe -Wall -Wp,-D_FORTIFY_SOURCE=2 -fexceptions -fstack-protector-strong --param=ssp-buffer-size=4 -grecord-gcc-switches   -m64 -mtune=generic  -Wl,-z,relro  conftest.c  >&5
configure:3057: $? = 0
configure:3064: ./conftest
configure:3068: $? = 0
configure:3083: result: no
configure:3088: checking for suffix of object files
configure:3110: gcc -c -O2 -g -pipe -Wall -Wp,-D_FORTIFY_SOURCE=2 -fexceptions -fstack-protector-strong --param=ssp-buffer-size=4 -grecord-gcc-switches   -m64 -mtune=generic  conftest.c >&5
configure:3114: $? = 0
configure:3135: result: o
configure:3139: checking whether we are using the GNU C compiler
configure:3158: gcc -c -O2 -g -pipe -Wall -Wp,-D_FORTIFY_SOURCE=2 -fexceptions -fstack-protector-strong --param=ssp-buffer-size=4 -grecord-gcc-switches   -m64 -mtune=generic  conftest.c >&5
configure:3158: $? = 0
configure:3167: result: yes
configure:3176: checking whether gcc accepts -g
configure:3196: gcc -c -g  conftest.c >&5
configure:3196: $? = 0
configure:3237: result: yes
configure:3254: checking for gcc option to accept ISO C89
configure:3317: gcc  -c -O2 -g -pipe -Wall -Wp,-D_FORTIFY_SOURCE=2 -fexceptions -fstack-protector-strong --param=ssp-buffer-size=4 -grecord-gcc-switches   -m64 -mtune=generic  conftest.c >&5
configure:3317: $? = 0
configure:3330: result: none needed
configure:3358: checking for special C compiler options needed for large files
configure:3403: result: no
configure:3409: checking for _FILE_OFFSET_BITS value needed for large files
configure:3434: gcc -c -O2 -g -pipe -Wall -Wp,-D_FORTIFY_SOURCE=2 -fexceptions -fstack-protector-strong --param=ssp-buffer-size=4 -grecord-gcc-switches   -m64 -mtune=generic  conftest.c >&5
configure:3434: $? = 0
configure:3466: result: no
configure:4283: checking for as86
configure:4301: found /usr/bin/as86
configure:4314: result: /usr/bin/as86
configure:4328: checking for ld86
configure:4346: found /usr/bin/ld86
configure:4359: result: /usr/bin/ld86
configure:4373: checking for bcc
configure:4391: found /usr/bin/bcc
configure:4404: result: /usr/bin/bcc
configure:4416: checking for lzma_version_number in -llzma
configure:4441: gcc -o conftest -O2 -g -pipe -Wall -Wp,-D_FORTIFY_SOURCE=2 -fexceptions -fstack-protector-strong --param=ssp-buffer-size=4 -grecord-gcc-switches   -m64 -mtune=generic  -Wl,-z,relro  conftest.c -llzma   >&5
configure:4441: $? = 0
configure:4450: result: yes
configure:4669: checking for x86_64-redhat-linux-gnu-gcc
configure:4696: result: gcc
configure:4965: checking for C compiler version
configure:4974: gcc --version >&5
gcc (GCC) 4.8.5 20150623 (Red Hat 4.8.5-28)
Copyright (C) 2015 Free Software Foundation, Inc.
This is free software; see the source for copying conditions.  There is NO
warranty; not even for MERCHANTABILITY or FITNESS FOR A PARTICULAR PURPOSE.

configure:4985: $? = 0
configure:4974: gcc -v >&5
Using built-in specs.
COLLECT_GCC=gcc
COLLECT_LTO_WRAPPER=/usr/libexec/gcc/x86_64-redhat-linux/4.8.5/lto-wrapper
Target: x86_64-redhat-linux
Configured with: ../configure --prefix=/usr --mandir=/usr/share/man --infodir=/usr/share/info --with-bugurl=http://bugzilla.redhat.com/bugzilla --enable-bootstrap --enable-shared --enable-threads=posix --enable-checking=release --with-system-zlib --enable-__cxa_atexit --disable-libunwind-exceptions --enable-gnu-unique-object --enable-linker-build-id --with-linker-hash-style=gnu --enable-languages=c,c++,objc,obj-c++,java,fortran,ada,go,lto --enable-plugin --enable-initfini-array --disable-libgcj --with-isl=/builddir/build/BUILD/gcc-4.8.5-20150702/obj-x86_64-redhat-linux/isl-install --with-cloog=/builddir/build/BUILD/gcc-4.8.5-20150702/obj-x86_64-redhat-linux/cloog-install --enable-gnu-indirect-function --with-tune=generic --with-arch_32=x86-64 --build=x86_64-redhat-linux
Thread model: posix
gcc version 4.8.5 20150623 (Red Hat 4.8.5-28) (GCC) 
configure:4985: $? = 0
configure:4974: gcc -V >&5
gcc: error: unrecognized command line option '-V'
gcc: fatal error: no input files
compilation terminated.
configure:4985: $? = 4
configure:4974: gcc -qversion >&5
gcc: error: unrecognized command line option '-qversion'
gcc: fatal error: no input files
compilation terminated.
configure:4985: $? = 4
configure:4989: checking whether we are using the GNU C compiler
configure:5017: result: yes
configure:5026: checking whether gcc accepts -g
configure:5087: result: yes
configure:5104: checking for gcc option to accept ISO C89
configure:5180: result: none needed
configure:5200: checking whether make sets $(MAKE)
configure:5222: result: yes
configure:5245: checking for a BSD-compatible install
configure:5313: result: /usr/bin/install -c
configure:5326: checking for bison
configure:5359: result: no
configure:5366: checking for flex
configure:5399: result: no
configure:5406: checking for perl
configure:5424: found /usr/bin/perl
configure:5437: result: /usr/bin/perl
configure:5451: checking for awk
configure:5469: found /usr/bin/awk
configure:5482: result: /usr/bin/awk
configure:5499: checking for x86_64-redhat-linux-gnu-ocamlc
configure:5529: result: no
configure:5539: checking for ocamlc
configure:5555: found /usr/bin/ocamlc
configure:5566: result: ocamlc
configure:5591: result: OCaml version is 4.08.1
configure:5600: result: OCaml library path is /usr/lib64/ocaml
configure:5610: checking for x86_64-redhat-linux-gnu-ocamlopt
configure:5640: result: no
configure:5650: checking for ocamlopt
configure:5666: found /usr/bin/ocamlopt
configure:5677: result: ocamlopt
configure:5720: checking for x86_64-redhat-linux-gnu-ocamlc.opt
configure:5750: result: no
configure:5760: checking for ocamlc.opt
configure:5776: found /usr/bin/ocamlc.opt
configure:5787: result: ocamlc.opt
configure:5824: checking for x86_64-redhat-linux-gnu-ocamlopt.opt
configure:5854: result: no
configure:5864: checking for ocamlopt.opt
configure:5880: found /usr/bin/ocamlopt.opt
configure:5891: result: ocamlopt.opt
configure:5933: checking for x86_64-redhat-linux-gnu-ocaml
configure:5963: result: no
configure:5973: checking for ocaml
configure:5989: found /usr/bin/ocaml
configure:6000: result: ocaml
configure:6027: checking for x86_64-redhat-linux-gnu-ocamldep
configure:6057: result: no
configure:6067: checking for ocamldep
configure:6083: found /usr/bin/ocamldep
configure:6094: result: ocamldep
configure:6121: checking for x86_64-redhat-linux-gnu-ocamlmktop
configure:6151: result: no
configure:6161: checking for ocamlmktop
configure:6177: found /usr/bin/ocamlmktop
configure:6188: result: ocamlmktop
configure:6215: checking for x86_64-redhat-linux-gnu-ocamlmklib
configure:6245: result: no
configure:6255: checking for ocamlmklib
configure:6271: found /usr/bin/ocamlmklib
configure:6282: result: ocamlmklib
configure:6309: checking for x86_64-redhat-linux-gnu-ocamldoc
configure:6339: result: no
configure:6349: checking for ocamldoc
configure:6379: result: no
configure:6403: checking for x86_64-redhat-linux-gnu-ocamlbuild
configure:6433: result: no
configure:6443: checking for ocamlbuild
configure:6473: result: no
configure:6498: checking for x86_64-redhat-linux-gnu-ocamlfind
configure:6528: result: no
configure:6538: checking for ocamlfind
configure:6554: found /usr/bin/ocamlfind
configure:6565: result: ocamlfind
configure:6594: checking for gawk
configure:6621: result: /usr/bin/awk
configure:6877: checking for bash
configure:6908: result: /bin/sh
configure:6926: checking for python
configure:6942: found /usr/bin/python
configure:6953: result: python
configure:6974: checking for python
configure:6992: found /usr/bin/python
configure:7004: result: /usr/bin/python
configure:7018: checking for python
configure:7049: result: /usr/bin/python
configure:7061: checking for python version >= 2.6 
configure:7071: result: yes
configure:7080: checking how to run the C preprocessor
configure:7111: gcc -E    conftest.c
configure:7111: $? = 0
configure:7125: gcc -E    conftest.c
conftest.c:14:28: fatal error: ac_nonexistent.h: No such file or directory
 #include <ac_nonexistent.h>
                            ^
compilation terminated.
configure:7125: $? = 1
configure: failed program was:
| /* confdefs.h */
| #define PACKAGE_NAME "Xen Hypervisor Tools"
| #define PACKAGE_TARNAME "xen"
| #define PACKAGE_VERSION "4.13"
| #define PACKAGE_STRING "Xen Hypervisor Tools 4.13"
| #define PACKAGE_BUGREPORT "xen-devel@lists.xen.org"
| #define PACKAGE_URL "http://www.xen.org/"
| #define HAVE_LIBLZMA 1
| #define HAVE_ROMBIOS 1
| #define QEMU_XEN_PATH "/usr/lib64/xen/bin/qemu-system-i386"
| #define OVMF_PATH "/usr/share/edk2/OVMF.fd"
| #define IPXE_PATH "/usr/share/ipxe/ipxe.bin"
| /* end confdefs.h.  */
| #include <ac_nonexistent.h>
configure:7150: result: gcc -E
configure:7170: gcc -E    conftest.c
configure:7170: $? = 0
configure:7184: gcc -E    conftest.c
conftest.c:14:28: fatal error: ac_nonexistent.h: No such file or directory
 #include <ac_nonexistent.h>
                            ^
compilation terminated.
configure:7184: $? = 1
configure: failed program was:
| /* confdefs.h */
| #define PACKAGE_NAME "Xen Hypervisor Tools"
| #define PACKAGE_TARNAME "xen"
| #define PACKAGE_VERSION "4.13"
| #define PACKAGE_STRING "Xen Hypervisor Tools 4.13"
| #define PACKAGE_BUGREPORT "xen-devel@lists.xen.org"
| #define PACKAGE_URL "http://www.xen.org/"
| #define HAVE_LIBLZMA 1
| #define HAVE_ROMBIOS 1
| #define QEMU_XEN_PATH "/usr/lib64/xen/bin/qemu-system-i386"
| #define OVMF_PATH "/usr/share/edk2/OVMF.fd"
| #define IPXE_PATH "/usr/share/ipxe/ipxe.bin"
| /* end confdefs.h.  */
| #include <ac_nonexistent.h>
configure:7213: checking for grep that handles long lines and -e
configure:7271: result: /usr/bin/grep
configure:7276: checking for egrep
configure:7338: result: /usr/bin/grep -E
configure:7343: checking for ANSI C header files
configure:7363: gcc -c -O2 -g -pipe -Wall -Wp,-D_FORTIFY_SOURCE=2 -fexceptions -fstack-protector-strong --param=ssp-buffer-size=4 -grecord-gcc-switches   -m64 -mtune=generic    conftest.c >&5
configure:7363: $? = 0
configure:7436: gcc -o conftest -O2 -g -pipe -Wall -Wp,-D_FORTIFY_SOURCE=2 -fexceptions -fstack-protector-strong --param=ssp-buffer-size=4 -grecord-gcc-switches   -m64 -mtune=generic     -Wl,-z,relro   conftest.c -llzma  >&5
configure:7436: $? = 0
configure:7436: ./conftest
configure:7436: $? = 0
configure:7447: result: yes
configure:7460: checking for sys/types.h
configure:7460: gcc -c -O2 -g -pipe -Wall -Wp,-D_FORTIFY_SOURCE=2 -fexceptions -fstack-protector-strong --param=ssp-buffer-size=4 -grecord-gcc-switches   -m64 -mtune=generic    conftest.c >&5
configure:7460: $? = 0
configure:7460: result: yes
configure:7460: checking for sys/stat.h
configure:7460: gcc -c -O2 -g -pipe -Wall -Wp,-D_FORTIFY_SOURCE=2 -fexceptions -fstack-protector-strong --param=ssp-buffer-size=4 -grecord-gcc-switches   -m64 -mtune=generic    conftest.c >&5
configure:7460: $? = 0
configure:7460: result: yes
configure:7460: checking for stdlib.h
configure:7460: gcc -c -O2 -g -pipe -Wall -Wp,-D_FORTIFY_SOURCE=2 -fexceptions -fstack-protector-strong --param=ssp-buffer-size=4 -grecord-gcc-switches   -m64 -mtune=generic    conftest.c >&5
configure:7460: $? = 0
configure:7460: result: yes
configure:7460: checking for string.h
configure:7460: gcc -c -O2 -g -pipe -Wall -Wp,-D_FORTIFY_SOURCE=2 -fexceptions -fstack-protector-strong --param=ssp-buffer-size=4 -grecord-gcc-switches   -m64 -mtune=generic    conftest.c >&5
configure:7460: $? = 0
configure:7460: result: yes
configure:7460: checking for memory.h
configure:7460: gcc -c -O2 -g -pipe -Wall -Wp,-D_FORTIFY_SOURCE=2 -fexceptions -fstack-protector-strong --param=ssp-buffer-size=4 -grecord-gcc-switches   -m64 -mtune=generic    conftest.c >&5
configure:7460: $? = 0
configure:7460: result: yes
configure:7460: checking for strings.h
configure:7460: gcc -c -O2 -g -pipe -Wall -Wp,-D_FORTIFY_SOURCE=2 -fexceptions -fstack-protector-strong --param=ssp-buffer-size=4 -grecord-gcc-switches   -m64 -mtune=generic    conftest.c >&5
configure:7460: $? = 0
configure:7460: result: yes
configure:7460: checking for inttypes.h
configure:7460: gcc -c -O2 -g -pipe -Wall -Wp,-D_FORTIFY_SOURCE=2 -fexceptions -fstack-protector-strong --param=ssp-buffer-size=4 -grecord-gcc-switches   -m64 -mtune=generic    conftest.c >&5
configure:7460: $? = 0
configure:7460: result: yes
configure:7460: checking for stdint.h
configure:7460: gcc -c -O2 -g -pipe -Wall -Wp,-D_FORTIFY_SOURCE=2 -fexceptions -fstack-protector-strong --param=ssp-buffer-size=4 -grecord-gcc-switches   -m64 -mtune=generic    conftest.c >&5
configure:7460: $? = 0
configure:7460: result: yes
configure:7460: checking for unistd.h
configure:7460: gcc -c -O2 -g -pipe -Wall -Wp,-D_FORTIFY_SOURCE=2 -fexceptions -fstack-protector-strong --param=ssp-buffer-size=4 -grecord-gcc-switches   -m64 -mtune=generic    conftest.c >&5
configure:7460: $? = 0
configure:7460: result: yes
configure:7480: checking for python-config
configure:7498: found /usr/bin/python-config
configure:7511: result: /usr/bin/python-config
configure:7550: checking Python.h usability
configure:7550: gcc -c -O2 -g -pipe -Wall -Wp,-D_FORTIFY_SOURCE=2 -fexceptions -fstack-protector-strong --param=ssp-buffer-size=4 -grecord-gcc-switches   -m64 -mtune=generic -O2 -g -pipe -Wall -Wp,-D_FORTIFY_SOURCE=2 -fexceptions -fstack-protector-strong --param=ssp-buffer-size=4 -grecord-gcc-switches   -m64 -mtune=generic -I/usr/include/python2.7 -I/usr/include/python2.7 -fno-strict-aliasing -O2 -g -pipe -Wall -Wp,-D_FORTIFY_SOURCE=2 -fexceptions -fstack-protector-strong --param=ssp-buffer-size=4 -grecord-gcc-switches -m64 -mtune=generic -D_GNU_SOURCE -fPIC -fwrapv -DNDEBUG -O2 -g -pipe -Wall -Wp,-D_FORTIFY_SOURCE=2 -fexceptions -fstack-protector-strong --param=ssp-buffer-size=4 -grecord-gcc-switches -m64 -mtune=generic -D_GNU_SOURCE -fPIC -fwrapv conftest.c >&5
In file included from /usr/include/python2.7/pyconfig.h:6:0,
                 from /usr/include/python2.7/Python.h:8,
                 from conftest.c:57:
/usr/include/python2.7/pyconfig-64.h:1191:0: warning: "_POSIX_C_SOURCE" redefined [enabled by default]
 #define _POSIX_C_SOURCE 200112L
 ^
In file included from /usr/include/stdio.h:27:0,
                 from conftest.c:24:
/usr/include/features.h:168:0: note: this is the location of the previous definition
 # define _POSIX_C_SOURCE 200809L
 ^
In file included from /usr/include/python2.7/pyconfig.h:6:0,
                 from /usr/include/python2.7/Python.h:8,
                 from conftest.c:57:
/usr/include/python2.7/pyconfig-64.h:1213:0: warning: "_XOPEN_SOURCE" redefined [enabled by default]
 #define _XOPEN_SOURCE 600
 ^
In file included from /usr/include/stdio.h:27:0,
                 from conftest.c:24:
/usr/include/features.h:170:0: note: this is the location of the previous definition
 # define _XOPEN_SOURCE 700
 ^
configure:7550: $? = 0
configure:7550: result: yes
configure:7550: checking Python.h presence
configure:7550: gcc -E -O2 -g -pipe -Wall -Wp,-D_FORTIFY_SOURCE=2 -fexceptions -fstack-protector-strong --param=ssp-buffer-size=4 -grecord-gcc-switches   -m64 -mtune=generic -I/usr/include/python2.7 -I/usr/include/python2.7 -fno-strict-aliasing -O2 -g -pipe -Wall -Wp,-D_FORTIFY_SOURCE=2 -fexceptions -fstack-protector-strong --param=ssp-buffer-size=4 -grecord-gcc-switches -m64 -mtune=generic -D_GNU_SOURCE -fPIC -fwrapv -DNDEBUG -O2 -g -pipe -Wall -Wp,-D_FORTIFY_SOURCE=2 -fexceptions -fstack-protector-strong --param=ssp-buffer-size=4 -grecord-gcc-switches -m64 -mtune=generic -D_GNU_SOURCE -fPIC -fwrapv conftest.c
configure:7550: $? = 0
configure:7550: result: yes
configure:7550: checking for Python.h
configure:7550: result: yes
configure:7558: checking for PyArg_ParseTuple
configure:7558: gcc -o conftest -O2 -g -pipe -Wall -Wp,-D_FORTIFY_SOURCE=2 -fexceptions -fstack-protector-strong --param=ssp-buffer-size=4 -grecord-gcc-switches   -m64 -mtune=generic -O2 -g -pipe -Wall -Wp,-D_FORTIFY_SOURCE=2 -fexceptions -fstack-protector-strong --param=ssp-buffer-size=4 -grecord-gcc-switches   -m64 -mtune=generic -I/usr/include/python2.7 -I/usr/include/python2.7 -fno-strict-aliasing -O2 -g -pipe -Wall -Wp,-D_FORTIFY_SOURCE=2 -fexceptions -fstack-protector-strong --param=ssp-buffer-size=4 -grecord-gcc-switches -m64 -mtune=generic -D_GNU_SOURCE -fPIC -fwrapv -DNDEBUG -O2 -g -pipe -Wall -Wp,-D_FORTIFY_SOURCE=2 -fexceptions -fstack-protector-strong --param=ssp-buffer-size=4 -grecord-gcc-switches -m64 -mtune=generic -D_GNU_SOURCE -fPIC -fwrapv  -Wl,-z,relro   -lpthread -ldl -lutil -lm -lpython2.7 -Xlinker -export-dynamic conftest.c -llzma  -lpthread -ldl -lutil -lm -lpython2.7 >&5
configure:7558: $? = 0
configure:7558: result: yes
configure:7571: checking whether Python setup.py brokenly enables -D_FORTIFY_SOURCE
configure:7589: result: yes
configure:7613: checking for iasl
configure:7631: found /usr/bin/iasl
configure:7644: result: /usr/bin/iasl
configure:7659: checking uuid/uuid.h usability
configure:7659: gcc -c -O2 -g -pipe -Wall -Wp,-D_FORTIFY_SOURCE=2 -fexceptions -fstack-protector-strong --param=ssp-buffer-size=4 -grecord-gcc-switches   -m64 -mtune=generic    conftest.c >&5
configure:7659: $? = 0
configure:7659: result: yes
configure:7659: checking uuid/uuid.h presence
configure:7659: gcc -E    conftest.c
configure:7659: $? = 0
configure:7659: result: yes
configure:7659: checking for uuid/uuid.h
configure:7659: result: yes
configure:7662: checking for uuid_clear in -luuid
configure:7687: gcc -o conftest -O2 -g -pipe -Wall -Wp,-D_FORTIFY_SOURCE=2 -fexceptions -fstack-protector-strong --param=ssp-buffer-size=4 -grecord-gcc-switches   -m64 -mtune=generic     -Wl,-z,relro   conftest.c -luuid  -llzma  >&5
configure:7687: $? = 0
configure:7696: result: yes
configure:7706: checking uuid.h usability
configure:7706: gcc -c -O2 -g -pipe -Wall -Wp,-D_FORTIFY_SOURCE=2 -fexceptions -fstack-protector-strong --param=ssp-buffer-size=4 -grecord-gcc-switches   -m64 -mtune=generic    conftest.c >&5
conftest.c:57:18: fatal error: uuid.h: No such file or directory
 #include <uuid.h>
                  ^
compilation terminated.
configure:7706: $? = 1
configure: failed program was:
| /* confdefs.h */
| #define PACKAGE_NAME "Xen Hypervisor Tools"
| #define PACKAGE_TARNAME "xen"
| #define PACKAGE_VERSION "4.13"
| #define PACKAGE_STRING "Xen Hypervisor Tools 4.13"
| #define PACKAGE_BUGREPORT "xen-devel@lists.xen.org"
| #define PACKAGE_URL "http://www.xen.org/"
| #define HAVE_LIBLZMA 1
| #define HAVE_ROMBIOS 1
| #define QEMU_XEN_PATH "/usr/lib64/xen/bin/qemu-system-i386"
| #define OVMF_PATH "/usr/share/edk2/OVMF.fd"
| #define IPXE_PATH "/usr/share/ipxe/ipxe.bin"
| #define STDC_HEADERS 1
| #define HAVE_SYS_TYPES_H 1
| #define HAVE_SYS_STAT_H 1
| #define HAVE_STDLIB_H 1
| #define HAVE_STRING_H 1
| #define HAVE_MEMORY_H 1
| #define HAVE_STRINGS_H 1
| #define HAVE_INTTYPES_H 1
| #define HAVE_STDINT_H 1
| #define HAVE_UNISTD_H 1
| /* end confdefs.h.  */
| #include <stdio.h>
| #ifdef HAVE_SYS_TYPES_H
| # include <sys/types.h>
| #endif
| #ifdef HAVE_SYS_STAT_H
| # include <sys/stat.h>
| #endif
| #ifdef STDC_HEADERS
| # include <stdlib.h>
| # include <stddef.h>
| #else
| # ifdef HAVE_STDLIB_H
| #  include <stdlib.h>
| # endif
| #endif
| #ifdef HAVE_STRING_H
| # if !defined STDC_HEADERS && defined HAVE_MEMORY_H
| #  include <memory.h>
| # endif
| # include <string.h>
| #endif
| #ifdef HAVE_STRINGS_H
| # include <strings.h>
| #endif
| #ifdef HAVE_INTTYPES_H
| # include <inttypes.h>
| #endif
| #ifdef HAVE_STDINT_H
| # include <stdint.h>
| #endif
| #ifdef HAVE_UNISTD_H
| # include <unistd.h>
| #endif
| #include <uuid.h>
configure:7706: result: no
configure:7706: checking uuid.h presence
configure:7706: gcc -E    conftest.c
conftest.c:24:18: fatal error: uuid.h: No such file or directory
 #include <uuid.h>
                  ^
compilation terminated.
configure:7706: $? = 1
configure: failed program was:
| /* confdefs.h */
| #define PACKAGE_NAME "Xen Hypervisor Tools"
| #define PACKAGE_TARNAME "xen"
| #define PACKAGE_VERSION "4.13"
| #define PACKAGE_STRING "Xen Hypervisor Tools 4.13"
| #define PACKAGE_BUGREPORT "xen-devel@lists.xen.org"
| #define PACKAGE_URL "http://www.xen.org/"
| #define HAVE_LIBLZMA 1
| #define HAVE_ROMBIOS 1
| #define QEMU_XEN_PATH "/usr/lib64/xen/bin/qemu-system-i386"
| #define OVMF_PATH "/usr/share/edk2/OVMF.fd"
| #define IPXE_PATH "/usr/share/ipxe/ipxe.bin"
| #define STDC_HEADERS 1
| #define HAVE_SYS_TYPES_H 1
| #define HAVE_SYS_STAT_H 1
| #define HAVE_STDLIB_H 1
| #define HAVE_STRING_H 1
| #define HAVE_MEMORY_H 1
| #define HAVE_STRINGS_H 1
| #define HAVE_INTTYPES_H 1
| #define HAVE_STDINT_H 1
| #define HAVE_UNISTD_H 1
| /* end confdefs.h.  */
| #include <uuid.h>
configure:7706: result: no
configure:7706: checking for uuid.h
configure:7706: result: no
configure:7719: checking curses.h usability
configure:7719: gcc -c -O2 -g -pipe -Wall -Wp,-D_FORTIFY_SOURCE=2 -fexceptions -fstack-protector-strong --param=ssp-buffer-size=4 -grecord-gcc-switches   -m64 -mtune=generic    conftest.c >&5
configure:7719: $? = 0
configure:7719: result: yes
configure:7719: checking curses.h presence
configure:7719: gcc -E    conftest.c
configure:7719: $? = 0
configure:7719: result: yes
configure:7719: checking for curses.h
configure:7719: result: yes
configure:7722: checking for clear in -lcurses
configure:7747: gcc -o conftest -O2 -g -pipe -Wall -Wp,-D_FORTIFY_SOURCE=2 -fexceptions -fstack-protector-strong --param=ssp-buffer-size=4 -grecord-gcc-switches   -m64 -mtune=generic     -Wl,-z,relro   conftest.c -lcurses  -llzma  >&5
configure:7747: $? = 0
configure:7756: result: yes
configure:7770: checking ncurses.h usability
configure:7770: gcc -c -O2 -g -pipe -Wall -Wp,-D_FORTIFY_SOURCE=2 -fexceptions -fstack-protector-strong --param=ssp-buffer-size=4 -grecord-gcc-switches   -m64 -mtune=generic    conftest.c >&5
configure:7770: $? = 0
configure:7770: result: yes
configure:7770: checking ncurses.h presence
configure:7770: gcc -E    conftest.c
configure:7770: $? = 0
configure:7770: result: yes
configure:7770: checking for ncurses.h
configure:7770: result: yes
configure:7773: checking for clear in -lncurses
configure:7798: gcc -o conftest -O2 -g -pipe -Wall -Wp,-D_FORTIFY_SOURCE=2 -fexceptions -fstack-protector-strong --param=ssp-buffer-size=4 -grecord-gcc-switches   -m64 -mtune=generic     -Wl,-z,relro   conftest.c -lncurses  -llzma  >&5
configure:7798: $? = 0
configure:7807: result: yes
configure:7846: checking for define_key in -ltinfo
configure:7871: gcc -o conftest -O2 -g -pipe -Wall -Wp,-D_FORTIFY_SOURCE=2 -fexceptions -fstack-protector-strong --param=ssp-buffer-size=4 -grecord-gcc-switches   -m64 -mtune=generic     -Wl,-z,relro   conftest.c -ltinfo  -llzma  >&5
configure:7871: $? = 0
configure:7880: result: yes
configure:7901: checking for x86_64-redhat-linux-gnu-pkg-config
configure:7934: result: no
configure:7944: checking for pkg-config
configure:7962: found /usr/bin/pkg-config
configure:7974: result: /usr/bin/pkg-config
configure:7999: checking pkg-config is at least version 0.9.0
configure:8002: result: yes
configure:8199: checking for wget
configure:8217: found /usr/bin/wget
configure:8230: result: /usr/bin/wget
configure:8240: checking for false
configure:8258: found /usr/bin/false
configure:8271: result: /usr/bin/false
configure:8343: checking bzlib.h usability
configure:8343: gcc -c -O2 -g -pipe -Wall -Wp,-D_FORTIFY_SOURCE=2 -fexceptions -fstack-protector-strong --param=ssp-buffer-size=4 -grecord-gcc-switches   -m64 -mtune=generic    conftest.c >&5
configure:8343: $? = 0
configure:8343: result: yes
configure:8343: checking bzlib.h presence
configure:8343: gcc -E    conftest.c
configure:8343: $? = 0
configure:8343: result: yes
configure:8343: checking for bzlib.h
configure:8343: result: yes
configure:8346: checking for BZ2_bzDecompressInit in -lbz2
configure:8371: gcc -o conftest -O2 -g -pipe -Wall -Wp,-D_FORTIFY_SOURCE=2 -fexceptions -fstack-protector-strong --param=ssp-buffer-size=4 -grecord-gcc-switches   -m64 -mtune=generic     -Wl,-z,relro   conftest.c -lbz2  -llzma  >&5
configure:8371: $? = 0
configure:8380: result: yes
configure:8390: checking lzma.h usability
configure:8390: gcc -c -O2 -g -pipe -Wall -Wp,-D_FORTIFY_SOURCE=2 -fexceptions -fstack-protector-strong --param=ssp-buffer-size=4 -grecord-gcc-switches   -m64 -mtune=generic    conftest.c >&5
configure:8390: $? = 0
configure:8390: result: yes
configure:8390: checking lzma.h presence
configure:8390: gcc -E    conftest.c
configure:8390: $? = 0
configure:8390: result: yes
configure:8390: checking for lzma.h
configure:8390: result: yes
configure:8393: checking for lzma_stream_decoder in -llzma
configure:8418: gcc -o conftest -O2 -g -pipe -Wall -Wp,-D_FORTIFY_SOURCE=2 -fexceptions -fstack-protector-strong --param=ssp-buffer-size=4 -grecord-gcc-switches   -m64 -mtune=generic     -Wl,-z,relro   conftest.c -llzma  -llzma  >&5
configure:8418: $? = 0
configure:8427: result: yes
configure:8437: checking lzo/lzo1x.h usability
configure:8437: gcc -c -O2 -g -pipe -Wall -Wp,-D_FORTIFY_SOURCE=2 -fexceptions -fstack-protector-strong --param=ssp-buffer-size=4 -grecord-gcc-switches   -m64 -mtune=generic    conftest.c >&5
configure:8437: $? = 0
configure:8437: result: yes
configure:8437: checking lzo/lzo1x.h presence
configure:8437: gcc -E    conftest.c
configure:8437: $? = 0
configure:8437: result: yes
configure:8437: checking for lzo/lzo1x.h
configure:8437: result: yes
configure:8440: checking for lzo1x_decompress in -llzo2
configure:8465: gcc -o conftest -O2 -g -pipe -Wall -Wp,-D_FORTIFY_SOURCE=2 -fexceptions -fstack-protector-strong --param=ssp-buffer-size=4 -grecord-gcc-switches   -m64 -mtune=generic     -Wl,-z,relro   conftest.c -llzo2  -llzma  >&5
configure:8465: $? = 0
configure:8474: result: yes
configure:8487: checking ext2fs/ext2fs.h usability
configure:8487: gcc -c -O2 -g -pipe -Wall -Wp,-D_FORTIFY_SOURCE=2 -fexceptions -fstack-protector-strong --param=ssp-buffer-size=4 -grecord-gcc-switches   -m64 -mtune=generic    conftest.c >&5
configure:8487: $? = 0
configure:8487: result: yes
configure:8487: checking ext2fs/ext2fs.h presence
configure:8487: gcc -E    conftest.c
configure:8487: $? = 0
configure:8487: result: yes
configure:8487: checking for ext2fs/ext2fs.h
configure:8487: result: yes
configure:8490: checking for ext2fs_open2 in -lext2fs
configure:8515: gcc -o conftest -O2 -g -pipe -Wall -Wp,-D_FORTIFY_SOURCE=2 -fexceptions -fstack-protector-strong --param=ssp-buffer-size=4 -grecord-gcc-switches   -m64 -mtune=generic     -Wl,-z,relro   conftest.c -lext2fs  -llzma  >&5
configure:8515: $? = 0
configure:8524: result: yes
configure:8539: checking ext4fs/ext2fs.h usability
configure:8539: gcc -c -O2 -g -pipe -Wall -Wp,-D_FORTIFY_SOURCE=2 -fexceptions -fstack-protector-strong --param=ssp-buffer-size=4 -grecord-gcc-switches   -m64 -mtune=generic    conftest.c >&5
conftest.c:59:27: fatal error: ext4fs/ext2fs.h: No such file or directory
 #include <ext4fs/ext2fs.h>
                           ^
compilation terminated.
configure:8539: $? = 1
configure: failed program was:
| /* confdefs.h */
| #define PACKAGE_NAME "Xen Hypervisor Tools"
| #define PACKAGE_TARNAME "xen"
| #define PACKAGE_VERSION "4.13"
| #define PACKAGE_STRING "Xen Hypervisor Tools 4.13"
| #define PACKAGE_BUGREPORT "xen-devel@lists.xen.org"
| #define PACKAGE_URL "http://www.xen.org/"
| #define HAVE_LIBLZMA 1
| #define HAVE_ROMBIOS 1
| #define QEMU_XEN_PATH "/usr/lib64/xen/bin/qemu-system-i386"
| #define OVMF_PATH "/usr/share/edk2/OVMF.fd"
| #define IPXE_PATH "/usr/share/ipxe/ipxe.bin"
| #define STDC_HEADERS 1
| #define HAVE_SYS_TYPES_H 1
| #define HAVE_SYS_STAT_H 1
| #define HAVE_STDLIB_H 1
| #define HAVE_STRING_H 1
| #define HAVE_MEMORY_H 1
| #define HAVE_STRINGS_H 1
| #define HAVE_INTTYPES_H 1
| #define HAVE_STDINT_H 1
| #define HAVE_UNISTD_H 1
| #define INCLUDE_CURSES_H <ncurses.h>
| #define INCLUDE_EXTFS_H <ext2fs/ext2fs.h>
| /* end confdefs.h.  */
| #include <stdio.h>
| #ifdef HAVE_SYS_TYPES_H
| # include <sys/types.h>
| #endif
| #ifdef HAVE_SYS_STAT_H
| # include <sys/stat.h>
| #endif
| #ifdef STDC_HEADERS
| # include <stdlib.h>
| # include <stddef.h>
| #else
| # ifdef HAVE_STDLIB_H
| #  include <stdlib.h>
| # endif
| #endif
| #ifdef HAVE_STRING_H
| # if !defined STDC_HEADERS && defined HAVE_MEMORY_H
| #  include <memory.h>
| # endif
| # include <string.h>
| #endif
| #ifdef HAVE_STRINGS_H
| # include <strings.h>
| #endif
| #ifdef HAVE_INTTYPES_H
| # include <inttypes.h>
| #endif
| #ifdef HAVE_STDINT_H
| # include <stdint.h>
| #endif
| #ifdef HAVE_UNISTD_H
| # include <unistd.h>
| #endif
| #include <ext4fs/ext2fs.h>
configure:8539: result: no
configure:8539: checking ext4fs/ext2fs.h presence
configure:8539: gcc -E    conftest.c
conftest.c:26:27: fatal error: ext4fs/ext2fs.h: No such file or directory
 #include <ext4fs/ext2fs.h>
                           ^
compilation terminated.
configure:8539: $? = 1
configure: failed program was:
| /* confdefs.h */
| #define PACKAGE_NAME "Xen Hypervisor Tools"
| #define PACKAGE_TARNAME "xen"
| #define PACKAGE_VERSION "4.13"
| #define PACKAGE_STRING "Xen Hypervisor Tools 4.13"
| #define PACKAGE_BUGREPORT "xen-devel@lists.xen.org"
| #define PACKAGE_URL "http://www.xen.org/"
| #define HAVE_LIBLZMA 1
| #define HAVE_ROMBIOS 1
| #define QEMU_XEN_PATH "/usr/lib64/xen/bin/qemu-system-i386"
| #define OVMF_PATH "/usr/share/edk2/OVMF.fd"
| #define IPXE_PATH "/usr/share/ipxe/ipxe.bin"
| #define STDC_HEADERS 1
| #define HAVE_SYS_TYPES_H 1
| #define HAVE_SYS_STAT_H 1
| #define HAVE_STDLIB_H 1
| #define HAVE_STRING_H 1
| #define HAVE_MEMORY_H 1
| #define HAVE_STRINGS_H 1
| #define HAVE_INTTYPES_H 1
| #define HAVE_STDINT_H 1
| #define HAVE_UNISTD_H 1
| #define INCLUDE_CURSES_H <ncurses.h>
| #define INCLUDE_EXTFS_H <ext2fs/ext2fs.h>
| /* end confdefs.h.  */
| #include <ext4fs/ext2fs.h>
configure:8539: result: no
configure:8539: checking for ext4fs/ext2fs.h
configure:8539: result: no
configure:8594: checking for pthread flag
configure:8630: gcc -o conftest -O2 -g -pipe -Wall -Wp,-D_FORTIFY_SOURCE=2 -fexceptions -fstack-protector-strong --param=ssp-buffer-size=4 -grecord-gcc-switches   -m64 -mtune=generic -pthread     -Wl,-z,relro   -pthread conftest.c -llzma   >&5
conftest.c: In function 'main':
conftest.c:30:3: warning: null argument where non-null required (argument 1) [-Wnonnull]
   pthread_create(0,0,0,0);
   ^
conftest.c:30:3: warning: null argument where non-null required (argument 3) [-Wnonnull]
conftest.c:31:1: warning: control reaches end of non-void function [-Wreturn-type]
 }
 ^
configure:8630: $? = 0
configure:8646: result: -pthread
configure:8663: checking libutil.h usability
configure:8663: gcc -c -O2 -g -pipe -Wall -Wp,-D_FORTIFY_SOURCE=2 -fexceptions -fstack-protector-strong --param=ssp-buffer-size=4 -grecord-gcc-switches   -m64 -mtune=generic    -Werror conftest.c >&5
conftest.c:59:21: fatal error: libutil.h: No such file or directory
 #include <libutil.h>
                     ^
compilation terminated.
configure:8663: $? = 1
configure: failed program was:
| /* confdefs.h */
| #define PACKAGE_NAME "Xen Hypervisor Tools"
| #define PACKAGE_TARNAME "xen"
| #define PACKAGE_VERSION "4.13"
| #define PACKAGE_STRING "Xen Hypervisor Tools 4.13"
| #define PACKAGE_BUGREPORT "xen-devel@lists.xen.org"
| #define PACKAGE_URL "http://www.xen.org/"
| #define HAVE_LIBLZMA 1
| #define HAVE_ROMBIOS 1
| #define QEMU_XEN_PATH "/usr/lib64/xen/bin/qemu-system-i386"
| #define OVMF_PATH "/usr/share/edk2/OVMF.fd"
| #define IPXE_PATH "/usr/share/ipxe/ipxe.bin"
| #define STDC_HEADERS 1
| #define HAVE_SYS_TYPES_H 1
| #define HAVE_SYS_STAT_H 1
| #define HAVE_STDLIB_H 1
| #define HAVE_STRING_H 1
| #define HAVE_MEMORY_H 1
| #define HAVE_STRINGS_H 1
| #define HAVE_INTTYPES_H 1
| #define HAVE_STDINT_H 1
| #define HAVE_UNISTD_H 1
| #define INCLUDE_CURSES_H <ncurses.h>
| #define INCLUDE_EXTFS_H <ext2fs/ext2fs.h>
| /* end confdefs.h.  */
| #include <stdio.h>
| #ifdef HAVE_SYS_TYPES_H
| # include <sys/types.h>
| #endif
| #ifdef HAVE_SYS_STAT_H
| # include <sys/stat.h>
| #endif
| #ifdef STDC_HEADERS
| # include <stdlib.h>
| # include <stddef.h>
| #else
| # ifdef HAVE_STDLIB_H
| #  include <stdlib.h>
| # endif
| #endif
| #ifdef HAVE_STRING_H
| # if !defined STDC_HEADERS && defined HAVE_MEMORY_H
| #  include <memory.h>
| # endif
| # include <string.h>
| #endif
| #ifdef HAVE_STRINGS_H
| # include <strings.h>
| #endif
| #ifdef HAVE_INTTYPES_H
| # include <inttypes.h>
| #endif
| #ifdef HAVE_STDINT_H
| # include <stdint.h>
| #endif
| #ifdef HAVE_UNISTD_H
| # include <unistd.h>
| #endif
| #include <libutil.h>
configure:8663: result: no
configure:8663: checking libutil.h presence
configure:8663: gcc -E    -Werror conftest.c
conftest.c:26:21: fatal error: libutil.h: No such file or directory
 #include <libutil.h>
                     ^
compilation terminated.
configure:8663: $? = 1
configure: failed program was:
| /* confdefs.h */
| #define PACKAGE_NAME "Xen Hypervisor Tools"
| #define PACKAGE_TARNAME "xen"
| #define PACKAGE_VERSION "4.13"
| #define PACKAGE_STRING "Xen Hypervisor Tools 4.13"
| #define PACKAGE_BUGREPORT "xen-devel@lists.xen.org"
| #define PACKAGE_URL "http://www.xen.org/"
| #define HAVE_LIBLZMA 1
| #define HAVE_ROMBIOS 1
| #define QEMU_XEN_PATH "/usr/lib64/xen/bin/qemu-system-i386"
| #define OVMF_PATH "/usr/share/edk2/OVMF.fd"
| #define IPXE_PATH "/usr/share/ipxe/ipxe.bin"
| #define STDC_HEADERS 1
| #define HAVE_SYS_TYPES_H 1
| #define HAVE_SYS_STAT_H 1
| #define HAVE_STDLIB_H 1
| #define HAVE_STRING_H 1
| #define HAVE_MEMORY_H 1
| #define HAVE_STRINGS_H 1
| #define HAVE_INTTYPES_H 1
| #define HAVE_STDINT_H 1
| #define HAVE_UNISTD_H 1
| #define INCLUDE_CURSES_H <ncurses.h>
| #define INCLUDE_EXTFS_H <ext2fs/ext2fs.h>
| /* end confdefs.h.  */
| #include <libutil.h>
configure:8663: result: no
configure:8663: checking for libutil.h
configure:8663: result: no
configure:8676: checking for openpty et al
configure:8705: gcc -o conftest -O2 -g -pipe -Wall -Wp,-D_FORTIFY_SOURCE=2 -fexceptions -fstack-protector-strong --param=ssp-buffer-size=4 -grecord-gcc-switches   -m64 -mtune=generic     -Wl,-z,relro   conftest.c -llzma  -lutil >&5
conftest.c: In function 'main':
conftest.c:31:3: warning: implicit declaration of function 'openpty' [-Wimplicit-function-declaration]
   openpty(0,0,0,0,0);
   ^
conftest.c:32:3: warning: implicit declaration of function 'login_tty' [-Wimplicit-function-declaration]
   login_tty(0);
   ^
conftest.c:33:1: warning: control reaches end of non-void function [-Wreturn-type]
 }
 ^
configure:8705: $? = 0
configure:8718: result: -lutil
configure:8723: checking for yajl_alloc in -lyajl
configure:8748: gcc -o conftest -O2 -g -pipe -Wall -Wp,-D_FORTIFY_SOURCE=2 -fexceptions -fstack-protector-strong --param=ssp-buffer-size=4 -grecord-gcc-switches   -m64 -mtune=generic     -Wl,-z,relro   conftest.c -lyajl  -llzma  -lutil >&5
configure:8748: $? = 0
configure:8757: result: yes
configure:8770: checking for deflateCopy in -lz
configure:8795: gcc -o conftest -O2 -g -pipe -Wall -Wp,-D_FORTIFY_SOURCE=2 -fexceptions -fstack-protector-strong --param=ssp-buffer-size=4 -grecord-gcc-switches   -m64 -mtune=generic     -Wl,-z,relro   conftest.c -lz  -lyajl -llzma  -lutil >&5
configure:8795: $? = 0
configure:8804: result: yes
configure:8817: checking for libiconv_open in -liconv
configure:8842: gcc -o conftest -O2 -g -pipe -Wall -Wp,-D_FORTIFY_SOURCE=2 -fexceptions -fstack-protector-strong --param=ssp-buffer-size=4 -grecord-gcc-switches   -m64 -mtune=generic     -Wl,-z,relro   conftest.c -liconv  -lz -lyajl -llzma  -lutil >&5
/usr/bin/ld: cannot find -liconv
collect2: error: ld returned 1 exit status
configure:8842: $? = 1
configure: failed program was:
| /* confdefs.h */
| #define PACKAGE_NAME "Xen Hypervisor Tools"
| #define PACKAGE_TARNAME "xen"
| #define PACKAGE_VERSION "4.13"
| #define PACKAGE_STRING "Xen Hypervisor Tools 4.13"
| #define PACKAGE_BUGREPORT "xen-devel@lists.xen.org"
| #define PACKAGE_URL "http://www.xen.org/"
| #define HAVE_LIBLZMA 1
| #define HAVE_ROMBIOS 1
| #define QEMU_XEN_PATH "/usr/lib64/xen/bin/qemu-system-i386"
| #define OVMF_PATH "/usr/share/edk2/OVMF.fd"
| #define IPXE_PATH "/usr/share/ipxe/ipxe.bin"
| #define STDC_HEADERS 1
| #define HAVE_SYS_TYPES_H 1
| #define HAVE_SYS_STAT_H 1
| #define HAVE_STDLIB_H 1
| #define HAVE_STRING_H 1
| #define HAVE_MEMORY_H 1
| #define HAVE_STRINGS_H 1
| #define HAVE_INTTYPES_H 1
| #define HAVE_STDINT_H 1
| #define HAVE_UNISTD_H 1
| #define INCLUDE_CURSES_H <ncurses.h>
| #define INCLUDE_EXTFS_H <ext2fs/ext2fs.h>
| #define HAVE_LIBYAJL 1
| #define HAVE_LIBZ 1
| /* end confdefs.h.  */
| 
| /* Override any GCC internal prototype to avoid an error.
|    Use char because int might match the return type of a GCC
|    builtin and then its argument prototype would still apply.  */
| #ifdef __cplusplus
| extern "C"
| #endif
| char libiconv_open ();
| int
| main ()
| {
| return libiconv_open ();
|   ;
|   return 0;
| }
configure:8851: result: no
configure:8860: checking argp.h usability
configure:8860: gcc -c -O2 -g -pipe -Wall -Wp,-D_FORTIFY_SOURCE=2 -fexceptions -fstack-protector-strong --param=ssp-buffer-size=4 -grecord-gcc-switches   -m64 -mtune=generic    conftest.c >&5
configure:8860: $? = 0
configure:8860: result: yes
configure:8860: checking argp.h presence
configure:8860: gcc -E    conftest.c
configure:8860: $? = 0
configure:8860: result: yes
configure:8860: checking for argp.h
configure:8860: result: yes
configure:8863: checking for argp_usage in -largp
configure:8888: gcc -o conftest -O2 -g -pipe -Wall -Wp,-D_FORTIFY_SOURCE=2 -fexceptions -fstack-protector-strong --param=ssp-buffer-size=4 -grecord-gcc-switches   -m64 -mtune=generic     -Wl,-z,relro   conftest.c -largp  -lz -lyajl -llzma  -lutil >&5
/usr/bin/ld: cannot find -largp
collect2: error: ld returned 1 exit status
configure:8888: $? = 1
configure: failed program was:
| /* confdefs.h */
| #define PACKAGE_NAME "Xen Hypervisor Tools"
| #define PACKAGE_TARNAME "xen"
| #define PACKAGE_VERSION "4.13"
| #define PACKAGE_STRING "Xen Hypervisor Tools 4.13"
| #define PACKAGE_BUGREPORT "xen-devel@lists.xen.org"
| #define PACKAGE_URL "http://www.xen.org/"
| #define HAVE_LIBLZMA 1
| #define HAVE_ROMBIOS 1
| #define QEMU_XEN_PATH "/usr/lib64/xen/bin/qemu-system-i386"
| #define OVMF_PATH "/usr/share/edk2/OVMF.fd"
| #define IPXE_PATH "/usr/share/ipxe/ipxe.bin"
| #define STDC_HEADERS 1
| #define HAVE_SYS_TYPES_H 1
| #define HAVE_SYS_STAT_H 1
| #define HAVE_STDLIB_H 1
| #define HAVE_STRING_H 1
| #define HAVE_MEMORY_H 1
| #define HAVE_STRINGS_H 1
| #define HAVE_INTTYPES_H 1
| #define HAVE_STDINT_H 1
| #define HAVE_UNISTD_H 1
| #define INCLUDE_CURSES_H <ncurses.h>
| #define INCLUDE_EXTFS_H <ext2fs/ext2fs.h>
| #define HAVE_LIBYAJL 1
| #define HAVE_LIBZ 1
| /* end confdefs.h.  */
| 
| /* Override any GCC internal prototype to avoid an error.
|    Use char because int might match the return type of a GCC
|    builtin and then its argument prototype would still apply.  */
| #ifdef __cplusplus
| extern "C"
| #endif
| char argp_usage ();
| int
| main ()
| {
| return argp_usage ();
|   ;
|   return 0;
| }
configure:8897: result: no
configure:8911: checking json/json.h usability
configure:8911: gcc -c -O2 -g -pipe -Wall -Wp,-D_FORTIFY_SOURCE=2 -fexceptions -fstack-protector-strong --param=ssp-buffer-size=4 -grecord-gcc-switches   -m64 -mtune=generic    conftest.c >&5
configure:8911: $? = 0
configure:8911: result: yes
configure:8911: checking json/json.h presence
configure:8911: gcc -E    conftest.c
configure:8911: $? = 0
configure:8911: result: yes
configure:8911: checking for json/json.h
configure:8911: result: yes
configure:9070: checking yajl/yajl_version.h usability
configure:9070: gcc -c -O2 -g -pipe -Wall -Wp,-D_FORTIFY_SOURCE=2 -fexceptions -fstack-protector-strong --param=ssp-buffer-size=4 -grecord-gcc-switches   -m64 -mtune=generic    conftest.c >&5
configure:9070: $? = 0
configure:9070: result: yes
configure:9070: checking yajl/yajl_version.h presence
configure:9070: gcc -E    conftest.c
configure:9070: $? = 0
configure:9070: result: yes
configure:9070: checking for yajl/yajl_version.h
configure:9070: result: yes
configure:9070: checking sys/eventfd.h usability
configure:9070: gcc -c -O2 -g -pipe -Wall -Wp,-D_FORTIFY_SOURCE=2 -fexceptions -fstack-protector-strong --param=ssp-buffer-size=4 -grecord-gcc-switches   -m64 -mtune=generic    conftest.c >&5
configure:9070: $? = 0
configure:9070: result: yes
configure:9070: checking sys/eventfd.h presence
configure:9070: gcc -E    conftest.c
configure:9070: $? = 0
configure:9070: result: yes
configure:9070: checking for sys/eventfd.h
configure:9070: result: yes
configure:9070: checking valgrind/memcheck.h usability
configure:9070: gcc -c -O2 -g -pipe -Wall -Wp,-D_FORTIFY_SOURCE=2 -fexceptions -fstack-protector-strong --param=ssp-buffer-size=4 -grecord-gcc-switches   -m64 -mtune=generic    conftest.c >&5
conftest.c:64:31: fatal error: valgrind/memcheck.h: No such file or directory
 #include <valgrind/memcheck.h>
                               ^
compilation terminated.
configure:9070: $? = 1
configure: failed program was:
| /* confdefs.h */
| #define PACKAGE_NAME "Xen Hypervisor Tools"
| #define PACKAGE_TARNAME "xen"
| #define PACKAGE_VERSION "4.13"
| #define PACKAGE_STRING "Xen Hypervisor Tools 4.13"
| #define PACKAGE_BUGREPORT "xen-devel@lists.xen.org"
| #define PACKAGE_URL "http://www.xen.org/"
| #define HAVE_LIBLZMA 1
| #define HAVE_ROMBIOS 1
| #define QEMU_XEN_PATH "/usr/lib64/xen/bin/qemu-system-i386"
| #define OVMF_PATH "/usr/share/edk2/OVMF.fd"
| #define IPXE_PATH "/usr/share/ipxe/ipxe.bin"
| #define STDC_HEADERS 1
| #define HAVE_SYS_TYPES_H 1
| #define HAVE_SYS_STAT_H 1
| #define HAVE_STDLIB_H 1
| #define HAVE_STRING_H 1
| #define HAVE_MEMORY_H 1
| #define HAVE_STRINGS_H 1
| #define HAVE_INTTYPES_H 1
| #define HAVE_STDINT_H 1
| #define HAVE_UNISTD_H 1
| #define INCLUDE_CURSES_H <ncurses.h>
| #define INCLUDE_EXTFS_H <ext2fs/ext2fs.h>
| #define HAVE_LIBYAJL 1
| #define HAVE_LIBZ 1
| #define INCLUDE_JSON_H <json/json.h>
| #define HAVE_YAJL_YAJL_VERSION_H 1
| #define HAVE_SYS_EVENTFD_H 1
| /* end confdefs.h.  */
| #include <stdio.h>
| #ifdef HAVE_SYS_TYPES_H
| # include <sys/types.h>
| #endif
| #ifdef HAVE_SYS_STAT_H
| # include <sys/stat.h>
| #endif
| #ifdef STDC_HEADERS
| # include <stdlib.h>
| # include <stddef.h>
| #else
| # ifdef HAVE_STDLIB_H
| #  include <stdlib.h>
| # endif
| #endif
| #ifdef HAVE_STRING_H
| # if !defined STDC_HEADERS && defined HAVE_MEMORY_H
| #  include <memory.h>
| # endif
| # include <string.h>
| #endif
| #ifdef HAVE_STRINGS_H
| # include <strings.h>
| #endif
| #ifdef HAVE_INTTYPES_H
| # include <inttypes.h>
| #endif
| #ifdef HAVE_STDINT_H
| # include <stdint.h>
| #endif
| #ifdef HAVE_UNISTD_H
| # include <unistd.h>
| #endif
| #include <valgrind/memcheck.h>
configure:9070: result: no
configure:9070: checking valgrind/memcheck.h presence
configure:9070: gcc -E    conftest.c
conftest.c:31:31: fatal error: valgrind/memcheck.h: No such file or directory
 #include <valgrind/memcheck.h>
                               ^
compilation terminated.
configure:9070: $? = 1
configure: failed program was:
| /* confdefs.h */
| #define PACKAGE_NAME "Xen Hypervisor Tools"
| #define PACKAGE_TARNAME "xen"
| #define PACKAGE_VERSION "4.13"
| #define PACKAGE_STRING "Xen Hypervisor Tools 4.13"
| #define PACKAGE_BUGREPORT "xen-devel@lists.xen.org"
| #define PACKAGE_URL "http://www.xen.org/"
| #define HAVE_LIBLZMA 1
| #define HAVE_ROMBIOS 1
| #define QEMU_XEN_PATH "/usr/lib64/xen/bin/qemu-system-i386"
| #define OVMF_PATH "/usr/share/edk2/OVMF.fd"
| #define IPXE_PATH "/usr/share/ipxe/ipxe.bin"
| #define STDC_HEADERS 1
| #define HAVE_SYS_TYPES_H 1
| #define HAVE_SYS_STAT_H 1
| #define HAVE_STDLIB_H 1
| #define HAVE_STRING_H 1
| #define HAVE_MEMORY_H 1
| #define HAVE_STRINGS_H 1
| #define HAVE_INTTYPES_H 1
| #define HAVE_STDINT_H 1
| #define HAVE_UNISTD_H 1
| #define INCLUDE_CURSES_H <ncurses.h>
| #define INCLUDE_EXTFS_H <ext2fs/ext2fs.h>
| #define HAVE_LIBYAJL 1
| #define HAVE_LIBZ 1
| #define INCLUDE_JSON_H <json/json.h>
| #define HAVE_YAJL_YAJL_VERSION_H 1
| #define HAVE_SYS_EVENTFD_H 1
| /* end confdefs.h.  */
| #include <valgrind/memcheck.h>
configure:9070: result: no
configure:9070: checking for valgrind/memcheck.h
configure:9070: result: no
configure:9070: checking utmp.h usability
configure:9070: gcc -c -O2 -g -pipe -Wall -Wp,-D_FORTIFY_SOURCE=2 -fexceptions -fstack-protector-strong --param=ssp-buffer-size=4 -grecord-gcc-switches   -m64 -mtune=generic    conftest.c >&5
configure:9070: $? = 0
configure:9070: result: yes
configure:9070: checking utmp.h presence
configure:9070: gcc -E    conftest.c
configure:9070: $? = 0
configure:9070: result: yes
configure:9070: checking for utmp.h
configure:9070: result: yes
configure:9084: checking for LIBNL3
configure:9091: $PKG_CONFIG --exists --print-errors "libnl-3.0 >= 3.2.8 libnl-route-3.0 >= 3.2.8"
Package libnl-3.0 was not found in the pkg-config search path.
Perhaps you should add the directory containing `libnl-3.0.pc'
to the PKG_CONFIG_PATH environment variable
No package 'libnl-3.0' found
Package libnl-route-3.0 was not found in the pkg-config search path.
Perhaps you should add the directory containing `libnl-route-3.0.pc'
to the PKG_CONFIG_PATH environment variable
No package 'libnl-route-3.0' found
configure:9094: $? = 1
configure:9108: $PKG_CONFIG --exists --print-errors "libnl-3.0 >= 3.2.8 libnl-route-3.0 >= 3.2.8"
Package libnl-3.0 was not found in the pkg-config search path.
Perhaps you should add the directory containing `libnl-3.0.pc'
to the PKG_CONFIG_PATH environment variable
No package 'libnl-3.0' found
Package libnl-route-3.0 was not found in the pkg-config search path.
Perhaps you should add the directory containing `libnl-route-3.0.pc'
to the PKG_CONFIG_PATH environment variable
No package 'libnl-route-3.0' found
configure:9111: $? = 1
configure:9125: result: no
No package 'libnl-3.0' found
No package 'libnl-route-3.0' found
configure:9158: WARNING: Disabling support for Remus network buffering and COLO.
    Please install libnl3 libraries (including libnl3-route), command line tools and devel
    headers - version 3.2.8 or higher
configure:9227: checking for SYSTEMD
configure:9234: $PKG_CONFIG --exists --print-errors "libsystemd-daemon"
configure:9237: $? = 0
configure:9251: $PKG_CONFIG --exists --print-errors "libsystemd-daemon"
configure:9254: $? = 0
configure:9436: result: yes
configure:9453: checking for SYSTEMD
configure:9700: result: yes
configure:9901: creating ./config.status

## ---------------------- ##
## Running config.status. ##
## ---------------------- ##

This file was extended by Xen Hypervisor Tools config.status 4.13, which was
generated by GNU Autoconf 2.69.  Invocation command line was

  CONFIG_FILES    = 
  CONFIG_HEADERS  = 
  CONFIG_LINKS    = 
  CONFIG_COMMANDS = 
  $ ./config.status 

on 582cfd5ec99b

config.status:956: creating ../config/Tools.mk
config.status:956: creating hotplug/FreeBSD/rc.d/xencommons
config.status:956: creating hotplug/FreeBSD/rc.d/xendriverdomain
config.status:956: creating hotplug/Linux/init.d/sysconfig.xencommons
config.status:956: creating hotplug/Linux/init.d/sysconfig.xendomains
config.status:956: creating hotplug/Linux/init.d/xen-watchdog
config.status:956: creating hotplug/Linux/init.d/xencommons
config.status:956: creating hotplug/Linux/init.d/xendomains
config.status:956: creating hotplug/Linux/init.d/xendriverdomain
config.status:956: creating hotplug/Linux/launch-xenstore
config.status:956: creating hotplug/Linux/vif-setup
config.status:956: creating hotplug/Linux/xen-hotplug-common.sh
config.status:956: creating hotplug/Linux/xendomains
config.status:956: creating hotplug/NetBSD/rc.d/xencommons
config.status:956: creating hotplug/NetBSD/rc.d/xendriverdomain
config.status:956: creating ocaml/xenstored/oxenstored.conf
config.status:956: creating hotplug/Linux/systemd/proc-xen.mount
config.status:956: creating hotplug/Linux/systemd/var-lib-xenstored.mount
config.status:956: creating hotplug/Linux/systemd/xen-init-dom0.service
config.status:956: creating hotplug/Linux/systemd/xen-qemu-dom0-disk-backend.service
config.status:956: creating hotplug/Linux/systemd/xen-watchdog.service
config.status:956: creating hotplug/Linux/systemd/xenconsoled.service
config.status:956: creating hotplug/Linux/systemd/xendomains.service
config.status:956: creating hotplug/Linux/systemd/xendriverdomain.service
config.status:956: creating hotplug/Linux/systemd/xenstored.service
config.status:956: creating config.h
config.status:1131: config.h is unchanged

## ---------------- ##
## Cache variables. ##
## ---------------- ##

ac_cv_build=x86_64-redhat-linux-gnu
ac_cv_c_compiler_gnu=yes
ac_cv_env_APPEND_INCLUDES_set=
ac_cv_env_APPEND_INCLUDES_value=
ac_cv_env_APPEND_LIB_set=
ac_cv_env_APPEND_LIB_value=
ac_cv_env_AS86_set=
ac_cv_env_AS86_value=
ac_cv_env_AWK_set=
ac_cv_env_AWK_value=
ac_cv_env_BCC_set=
ac_cv_env_BCC_value=
ac_cv_env_BISON_set=
ac_cv_env_BISON_value=
ac_cv_env_CC_set=
ac_cv_env_CC_value=
ac_cv_env_CFLAGS_set=set
ac_cv_env_CFLAGS_value='-O2 -g -pipe -Wall -Wp,-D_FORTIFY_SOURCE=2 -fexceptions -fstack-protector-strong --param=ssp-buffer-size=4 -grecord-gcc-switches   -m64 -mtune=generic'
ac_cv_env_CPPFLAGS_set=
ac_cv_env_CPPFLAGS_value=
ac_cv_env_CPP_set=
ac_cv_env_CPP_value=
ac_cv_env_FLEX_set=
ac_cv_env_FLEX_value=
ac_cv_env_IASL_set=
ac_cv_env_IASL_value=
ac_cv_env_LD86_set=
ac_cv_env_LD86_value=
ac_cv_env_LDFLAGS_set=set
ac_cv_env_LDFLAGS_value='-Wl,-z,relro '
ac_cv_env_LIBNL3_CFLAGS_set=
ac_cv_env_LIBNL3_CFLAGS_value=
ac_cv_env_LIBNL3_LIBS_set=
ac_cv_env_LIBNL3_LIBS_value=
ac_cv_env_LIBS_set=
ac_cv_env_LIBS_value=
ac_cv_env_PERL_set=
ac_cv_env_PERL_value=
ac_cv_env_PKG_CONFIG_LIBDIR_set=
ac_cv_env_PKG_CONFIG_LIBDIR_value=
ac_cv_env_PKG_CONFIG_PATH_set=set
ac_cv_env_PKG_CONFIG_PATH_value=:/usr/lib64/pkgconfig:/usr/share/pkgconfig
ac_cv_env_PKG_CONFIG_set=
ac_cv_env_PKG_CONFIG_value=
ac_cv_env_PREPEND_INCLUDES_set=
ac_cv_env_PREPEND_INCLUDES_value=
ac_cv_env_PREPEND_LIB_set=
ac_cv_env_PREPEND_LIB_value=
ac_cv_env_PYTHON_set=
ac_cv_env_PYTHON_value=
ac_cv_env_SYSTEMD_CFLAGS_set=
ac_cv_env_SYSTEMD_CFLAGS_value=
ac_cv_env_SYSTEMD_LIBS_set=
ac_cv_env_SYSTEMD_LIBS_value=
ac_cv_env_build_alias_set=set
ac_cv_env_build_alias_value=x86_64-redhat-linux-gnu
ac_cv_env_glib_CFLAGS_set=
ac_cv_env_glib_CFLAGS_value=
ac_cv_env_glib_LIBS_set=
ac_cv_env_glib_LIBS_value=
ac_cv_env_host_alias_set=set
ac_cv_env_host_alias_value=x86_64-redhat-linux-gnu
ac_cv_env_pixman_CFLAGS_set=
ac_cv_env_pixman_CFLAGS_value=
ac_cv_env_pixman_LIBS_set=
ac_cv_env_pixman_LIBS_value=
ac_cv_env_target_alias_set=
ac_cv_env_target_alias_value=
ac_cv_func_PyArg_ParseTuple=yes
ac_cv_header_Python_h=yes
ac_cv_header_argp_h=yes
ac_cv_header_bzlib_h=yes
ac_cv_header_curses_h=yes
ac_cv_header_ext2fs_ext2fs_h=yes
ac_cv_header_ext4fs_ext2fs_h=no
ac_cv_header_inttypes_h=yes
ac_cv_header_json_json_h=yes
ac_cv_header_libutil_h=no
ac_cv_header_lzma_h=yes
ac_cv_header_lzo_lzo1x_h=yes
ac_cv_header_memory_h=yes
ac_cv_header_ncurses_h=yes
ac_cv_header_stdc=yes
ac_cv_header_stdint_h=yes
ac_cv_header_stdlib_h=yes
ac_cv_header_string_h=yes
ac_cv_header_strings_h=yes
ac_cv_header_sys_eventfd_h=yes
ac_cv_header_sys_stat_h=yes
ac_cv_header_sys_types_h=yes
ac_cv_header_unistd_h=yes
ac_cv_header_utmp_h=yes
ac_cv_header_uuid_h=no
ac_cv_header_uuid_uuid_h=yes
ac_cv_header_valgrind_memcheck_h=no
ac_cv_header_yajl_yajl_version_h=yes
ac_cv_host=x86_64-redhat-linux-gnu
ac_cv_lib_argp_argp_usage=no
ac_cv_lib_bz2_BZ2_bzDecompressInit=yes
ac_cv_lib_curses_clear=yes
ac_cv_lib_ext2fs_ext2fs_open2=yes
ac_cv_lib_iconv_libiconv_open=no
ac_cv_lib_lzma_lzma_stream_decoder=yes
ac_cv_lib_lzma_lzma_version_number=yes
ac_cv_lib_lzo2_lzo1x_decompress=yes
ac_cv_lib_ncurses_clear=yes
ac_cv_lib_tinfo_define_key=yes
ac_cv_lib_uuid_uuid_clear=yes
ac_cv_lib_yajl_yajl_alloc=yes
ac_cv_lib_z_deflateCopy=yes
ac_cv_objext=o
ac_cv_path_AS86=/usr/bin/as86
ac_cv_path_AWK=/usr/bin/awk
ac_cv_path_BASH=/bin/sh
ac_cv_path_BCC=/usr/bin/bcc
ac_cv_path_EGREP='/usr/bin/grep -E'
ac_cv_path_FALSE=/usr/bin/false
ac_cv_path_GREP=/usr/bin/grep
ac_cv_path_IASL=/usr/bin/iasl
ac_cv_path_LD86=/usr/bin/ld86
ac_cv_path_PERL=/usr/bin/perl
ac_cv_path_PYTHON=/usr/bin/python
ac_cv_path_PYTHONPATH=/usr/bin/python
ac_cv_path_WGET=/usr/bin/wget
ac_cv_path_ac_pt_PKG_CONFIG=/usr/bin/pkg-config
ac_cv_path_install='/usr/bin/install -c'
ac_cv_path_pyconfig=/usr/bin/python-config
ac_cv_prog_AWK=/usr/bin/awk
ac_cv_prog_CC=gcc
ac_cv_prog_CPP='gcc -E'
ac_cv_prog_PYTHON=python
ac_cv_prog_ac_ct_CC=gcc
ac_cv_prog_ac_ct_OCAML=ocaml
ac_cv_prog_ac_ct_OCAMLC=ocamlc
ac_cv_prog_ac_ct_OCAMLCDOTOPT=ocamlc.opt
ac_cv_prog_ac_ct_OCAMLDEP=ocamldep
ac_cv_prog_ac_ct_OCAMLFIND=ocamlfind
ac_cv_prog_ac_ct_OCAMLMKLIB=ocamlmklib
ac_cv_prog_ac_ct_OCAMLMKTOP=ocamlmktop
ac_cv_prog_ac_ct_OCAMLOPT=ocamlopt
ac_cv_prog_ac_ct_OCAMLOPTDOTOPT=ocamlopt.opt
ac_cv_prog_cc_c89=
ac_cv_prog_cc_g=yes
ac_cv_prog_make_make_set=yes
ac_cv_sys_file_offset_bits=no
ac_cv_sys_largefile_CC=no
ax_cv_githttp=n
ax_cv_monitors=y
ax_cv_ocamltools=y
ax_cv_ovmf=n
ax_cv_pthread_flags=-pthread
ax_cv_ptyfuncs_libs=-lutil
ax_cv_python_fortify=yes
ax_cv_rpath=n
ax_cv_seabios=n
ax_cv_systemd=y
ax_cv_xsmpolicy=n
pkg_cv_SYSTEMD_CFLAGS=' '
pkg_cv_SYSTEMD_LIBS='-lsystemd  '

## ----------------- ##
## Output variables. ##
## ----------------- ##

APPEND_INCLUDES=''
APPEND_LIB=''
AS86='/usr/bin/as86'
AWK='/usr/bin/awk'
BASH='/bin/sh'
BCC='/usr/bin/bcc'
BISON=''
CC='gcc'
CFLAGS='-O2 -g -pipe -Wall -Wp,-D_FORTIFY_SOURCE=2 -fexceptions -fstack-protector-strong --param=ssp-buffer-size=4 -grecord-gcc-switches   -m64 -mtune=generic'
CHECKPOLICY=''
CONFIG_DIR='/etc'
CONFIG_LEAF_DIR='sysconfig'
CONFIG_RUMP='n'
CPP='gcc -E'
CPPFLAGS='  '
CURSES_LIBS='-lncurses'
DEBUG_DIR='/usr/lib/debug'
DEFS='-DHAVE_CONFIG_H'
ECHO_C=''
ECHO_N='-n'
ECHO_T=''
EGREP='/usr/bin/grep -E'
EXEEXT=''
EXTFS_LIBS='-lext2fs'
EXTRA_QEMUU_CONFIGURE_ARGS=''
FALSE='/usr/bin/false'
FETCHER='/usr/bin/wget -c -O'
FILE_OFFSET_BITS=''
FLEX=''
FTP=''
GREP='/usr/bin/grep'
IASL='/usr/bin/iasl'
INITD_DIR='/etc/rc.d/init.d'
INSTALL_DATA='${INSTALL} -m 644'
INSTALL_PROGRAM='${INSTALL}'
INSTALL_SCRIPT='${INSTALL}'
LD86='/usr/bin/ld86'
LDFLAGS=' -Wl,-z,relro  '
LIBEXEC='/usr/libexec/xen'
LIBEXEC_BIN='/usr/libexec/xen/bin'
LIBEXEC_INC='/usr/libexec/xen/include'
LIBEXEC_LIB='/usr/libexec/xen/lib'
LIBNL3_CFLAGS=''
LIBNL3_LIBS=''
LIBOBJS=''
LIBS='-lz -lyajl -llzma  -lutil'
LINUX_BACKEND_MODULES='xen-evtchn xen-gntdev xen-gntalloc xen-blkback xen-netback xen-pciback evtchn gntdev netbk blkbk xen-scsibk usbbk pciback xen-acpi-processor'
LTLIBOBJS=''
OBJEXT='o'
OCAML='ocaml'
OCAMLBEST='opt'
OCAMLBUILD='no'
OCAMLC='ocamlc.opt'
OCAMLCDOTOPT='ocamlc.opt'
OCAMLDEP='ocamldep'
OCAMLDOC='no'
OCAMLFIND='ocamlfind'
OCAMLLIB='/usr/lib64/ocaml'
OCAMLMKLIB='ocamlmklib'
OCAMLMKTOP='ocamlmktop'
OCAMLOPT='ocamlopt.opt'
OCAMLOPTDOTOPT='ocamlopt.opt'
OCAMLVERSION='4.08.1'
PACKAGE_BUGREPORT='xen-devel@lists.xen.org'
PACKAGE_NAME='Xen Hypervisor Tools'
PACKAGE_STRING='Xen Hypervisor Tools 4.13'
PACKAGE_TARNAME='xen'
PACKAGE_URL='http://www.xen.org/'
PACKAGE_VERSION='4.13'
PATH_SEPARATOR=':'
PERL='/usr/bin/perl'
PKG_CONFIG='/usr/bin/pkg-config'
PKG_CONFIG_LIBDIR=''
PKG_CONFIG_PATH=':/usr/lib64/pkgconfig:/usr/share/pkgconfig'
PREPEND_INCLUDES=''
PREPEND_LIB=''
PTHREAD_CFLAGS='-pthread'
PTHREAD_LDFLAGS='-pthread'
PTHREAD_LIBS=''
PTYFUNCS_LIBS='-lutil'
PYTHON='python'
PYTHONPATH='/usr/bin/python'
PY_NOOPT_CFLAGS='-O1'
SET_MAKE=''
SHAREDIR='/usr/share'
SHELL='/bin/sh'
SYSTEMD_CFLAGS=' '
SYSTEMD_DIR='$(prefix)/lib/systemd/system/'
SYSTEMD_LIBS='-lsystemd  '
SYSTEMD_MODULES_LOAD='$(prefix)/lib/modules-load.d/'
TINFO_LIBS='-ltinfo'
WGET='/usr/bin/wget'
XENFIRMWAREDIR='/usr/libexec/xen/boot'
XENSTORED='/usr/sbin/oxenstored'
XENSTORED_KVA='/proc/xen/xsd_kva'
XENSTORED_PORT='/proc/xen/xsd_port'
XEN_CONFIG_DIR='/etc/xen'
XEN_DUMP_DIR='/var/lib/xen/dump'
XEN_LIB_DIR='/var/lib/xen'
XEN_LIB_STORED='/var/lib/xenstored'
XEN_LOCK_DIR='/var/lock'
XEN_LOG_DIR='/var/log/xen'
XEN_PAGING_DIR='/var/lib/xen/xenpaging'
XEN_RUN_DIR='/var/run/xen'
XEN_RUN_STORED='/var/run/xenstored'
XEN_SCRIPT_DIR='/etc/xen/scripts'
ac_ct_CC='gcc'
argp_ldflags=''
bindir='/usr/bin'
build='x86_64-redhat-linux-gnu'
build_alias='x86_64-redhat-linux-gnu'
build_cpu='x86_64'
build_os='linux-gnu'
build_vendor='redhat'
datadir='/usr/share'
datarootdir='${prefix}/share'
docdir='${datarootdir}/doc/${PACKAGE_TARNAME}'
dvidir='${docdir}'
exec_prefix='/usr'
githttp='n'
glib_CFLAGS=''
glib_LIBS=''
host='x86_64-redhat-linux-gnu'
host_alias='x86_64-redhat-linux-gnu'
host_cpu='x86_64'
host_os='linux-gnu'
host_vendor='redhat'
htmldir='${docdir}'
includedir='/usr/include'
infodir='/usr/share/info'
ipxe='n'
libdir='/usr/lib64'
libexecdir='/usr/libexec'
libiconv='n'
libnl='n'
localedir='${datarootdir}/locale'
localstatedir='/var'
mandir='/usr/share/man'
monitors='y'
ninepfs=''
ocamltools='y'
oldincludedir='/usr/include'
ovmf='n'
pdfdir='${docdir}'
pixman_CFLAGS=''
pixman_LIBS=''
prefix='/usr'
program_transform_name='s,x,x,'
psdir='${docdir}'
pvshim='n'
pyconfig='/usr/bin/python-config'
qemu_traditional='n'
qemu_xen='n'
qemu_xen_path='/usr/lib64/xen/bin/qemu-system-i386'
qemu_xen_systemd='/usr/lib64/xen/bin/qemu-system-i386'
rombios='y'
rpath='n'
runstatedir='${localstatedir}/run'
sbindir='/usr/sbin'
seabios='n'
sharedstatedir='/var/lib'
sysconfdir='/etc'
system_aio=''
systemd='y'
target_alias=''
xsmpolicy='n'
zlib=' -DHAVE_BZLIB -lbz2 -DHAVE_LZMA -llzma -DHAVE_LZO1X -llzo2'

## ----------- ##
## confdefs.h. ##
## ----------- ##

/* confdefs.h */
#define PACKAGE_NAME "Xen Hypervisor Tools"
#define PACKAGE_TARNAME "xen"
#define PACKAGE_VERSION "4.13"
#define PACKAGE_STRING "Xen Hypervisor Tools 4.13"
#define PACKAGE_BUGREPORT "xen-devel@lists.xen.org"
#define PACKAGE_URL "http://www.xen.org/"
#define HAVE_LIBLZMA 1
#define HAVE_ROMBIOS 1
#define QEMU_XEN_PATH "/usr/lib64/xen/bin/qemu-system-i386"
#define OVMF_PATH "/usr/share/edk2/OVMF.fd"
#define IPXE_PATH "/usr/share/ipxe/ipxe.bin"
#define STDC_HEADERS 1
#define HAVE_SYS_TYPES_H 1
#define HAVE_SYS_STAT_H 1
#define HAVE_STDLIB_H 1
#define HAVE_STRING_H 1
#define HAVE_MEMORY_H 1
#define HAVE_STRINGS_H 1
#define HAVE_INTTYPES_H 1
#define HAVE_STDINT_H 1
#define HAVE_UNISTD_H 1
#define INCLUDE_CURSES_H <ncurses.h>
#define INCLUDE_EXTFS_H <ext2fs/ext2fs.h>
#define HAVE_LIBYAJL 1
#define HAVE_LIBZ 1
#define INCLUDE_JSON_H <json/json.h>
#define HAVE_YAJL_YAJL_VERSION_H 1
#define HAVE_SYS_EVENTFD_H 1
#define HAVE_UTMP_H 1
#define HAVE_SYSTEMD 1

configure: exit 0
