This file contains any messages produced by compilers while
running configure, to aid debugging if configure makes a mistake.

It was created by Xen Hypervisor Documentation configure 4.13, which was
generated by GNU Autoconf 2.69.  Invocation command line was

  $ ./configure --disable-option-checking --prefix=/usr --build=x86_64-redhat-linux-gnu --host=x86_64-redhat-linux-gnu --program-prefix= --disable-dependency-tracking --exec-prefix=/usr --bindir=/usr/bin --sbindir=/usr/sbin --sysconfdir=/etc --datadir=/usr/share --includedir=/usr/include --libdir=/usr/lib64 --libexecdir=/usr/libexec --localstatedir=/var --sharedstatedir=/var/lib --mandir=/usr/share/man --infodir=/usr/share/info --disable-qemu-traditional --disable-seabios --disable-stubdom --disable-xsmpolicy --disable-pvshim --enable-rombios --enable-systemd --with-xenstored=oxenstored --with-system-qemu=/usr/lib64/xen/bin/qemu-system-i386 --with-system-ipxe=/usr/share/ipxe/ipxe.bin --with-system-ovmf=/usr/share/edk2/OVMF.fd build_alias=x86_64-redhat-linux-gnu host_alias=x86_64-redhat-linux-gnu --cache-file=/dev/null --srcdir=.

## --------- ##
## Platform. ##
## --------- ##

hostname = 582cfd5ec99b
uname -m = x86_64
uname -r = 6.2.0-32-generic
uname -s = Linux
uname -v = #32~22.04.1-Ubuntu SMP PREEMPT_DYNAMIC Fri Aug 18 10:40:13 UTC 2

/usr/bin/uname -p = x86_64
/bin/uname -X     = unknown

/bin/arch              = x86_64
/usr/bin/arch -k       = unknown
/usr/convex/getsysinfo = unknown
/usr/bin/hostinfo      = unknown
/bin/machine           = unknown
/usr/bin/oslevel       = unknown
/bin/universe          = unknown

PATH: /usr/local/sbin
PATH: /usr/local/bin
PATH: /usr/sbin
PATH: /usr/bin
PATH: /sbin
PATH: /bin


## ----------- ##
## Core tests. ##
## ----------- ##

configure:1981: checking for fig2dev
configure:2014: result: no
configure:2021: WARNING: fig2dev is not available so some documentation won't be built
configure:2030: checking for pod2man
configure:2048: found /usr/bin/pod2man
configure:2060: result: /usr/bin/pod2man
configure:2079: checking for pod2html
configure:2097: found /usr/bin/pod2html
configure:2109: result: /usr/bin/pod2html
configure:2128: checking for pod2text
configure:2146: found /usr/bin/pod2text
configure:2158: result: /usr/bin/pod2text
configure:2177: checking for pandoc
configure:2210: result: no
configure:2217: WARNING: pandoc is not available so some documentation won't be built
configure:2226: checking for perl
configure:2244: found /usr/bin/perl
configure:2257: result: /usr/bin/perl
configure:2420: creating ./config.status

## ---------------------- ##
## Running config.status. ##
## ---------------------- ##

This file was extended by Xen Hypervisor Documentation config.status 4.13, which was
generated by GNU Autoconf 2.69.  Invocation command line was

  CONFIG_FILES    = 
  CONFIG_HEADERS  = 
  CONFIG_LINKS    = 
  CONFIG_COMMANDS = 
  $ ./config.status 

on 582cfd5ec99b

config.status:744: creating ../config/Docs.mk
config.status:744: creating man/xl.cfg.5.pod
config.status:744: creating man/xl.1.pod

## ---------------- ##
## Cache variables. ##
## ---------------- ##

ac_cv_env_FIG2DEV_set=
ac_cv_env_FIG2DEV_value=
ac_cv_env_PANDOC_set=
ac_cv_env_PANDOC_value=
ac_cv_env_PERL_set=
ac_cv_env_PERL_value=
ac_cv_env_POD2HTML_set=
ac_cv_env_POD2HTML_value=
ac_cv_env_POD2MAN_set=
ac_cv_env_POD2MAN_value=
ac_cv_env_POD2TEXT_set=
ac_cv_env_POD2TEXT_value=
ac_cv_env_build_alias_set=set
ac_cv_env_build_alias_value=x86_64-redhat-linux-gnu
ac_cv_env_host_alias_set=set
ac_cv_env_host_alias_value=x86_64-redhat-linux-gnu
ac_cv_env_target_alias_set=
ac_cv_env_target_alias_value=
ac_cv_path_PERL=/usr/bin/perl
ac_cv_path_POD2HTML=/usr/bin/pod2html
ac_cv_path_POD2MAN=/usr/bin/pod2man
ac_cv_path_POD2TEXT=/usr/bin/pod2text

## ----------------- ##
## Output variables. ##
## ----------------- ##

CONFIG_DIR='/etc'
CONFIG_LEAF_DIR='sysconfig'
DEBUG_DIR='/usr/lib/debug'
DEFS='-DPACKAGE_NAME=\"Xen\ Hypervisor\ Documentation\" -DPACKAGE_TARNAME=\"xen\" -DPACKAGE_VERSION=\"4.13\" -DPACKAGE_STRING=\"Xen\ Hypervisor\ Documentation\ 4.13\" -DPACKAGE_BUGREPORT=\"xen-devel@lists.xen.org\" -DPACKAGE_URL=\"http://www.xen.org/\"'
ECHO_C=''
ECHO_N='-n'
ECHO_T=''
FIG2DEV=''
INITD_DIR='/etc/rc.d'
LIBEXEC='/usr/libexec/xen'
LIBEXEC_BIN='/usr/libexec/xen/bin'
LIBEXEC_INC='/usr/libexec/xen/include'
LIBEXEC_LIB='/usr/libexec/xen/lib'
LIBOBJS=''
LIBS=''
LTLIBOBJS=''
PACKAGE_BUGREPORT='xen-devel@lists.xen.org'
PACKAGE_NAME='Xen Hypervisor Documentation'
PACKAGE_STRING='Xen Hypervisor Documentation 4.13'
PACKAGE_TARNAME='xen'
PACKAGE_URL='http://www.xen.org/'
PACKAGE_VERSION='4.13'
PANDOC=''
PATH_SEPARATOR=':'
PERL='/usr/bin/perl'
POD2HTML='/usr/bin/pod2html'
POD2MAN='/usr/bin/pod2man'
POD2TEXT='/usr/bin/pod2text'
SHAREDIR='/usr/share'
SHELL='/bin/sh'
XENFIRMWAREDIR='/usr/libexec/xen/boot'
XENSTORED_KVA='/proc/xen/xsd_kva'
XENSTORED_PORT='/proc/xen/xsd_port'
XEN_CONFIG_DIR='/etc/xen'
XEN_DUMP_DIR='/var/lib/xen/dump'
XEN_LIB_DIR='/var/lib/xen'
XEN_LIB_STORED='/var/lib/xenstored'
XEN_LOCK_DIR='/var/lock'
XEN_LOG_DIR='/var/log/xen'
XEN_PAGING_DIR='/var/lib/xen/xenpaging'
XEN_RUN_DIR='/var/run/xen'
XEN_RUN_STORED='/var/run/xenstored'
XEN_SCRIPT_DIR='/etc/xen/scripts'
bindir='/usr/bin'
build_alias='x86_64-redhat-linux-gnu'
datadir='/usr/share'
datarootdir='${prefix}/share'
docdir='${datarootdir}/doc/${PACKAGE_TARNAME}'
dvidir='${docdir}'
exec_prefix='/usr'
host_alias='x86_64-redhat-linux-gnu'
htmldir='${docdir}'
includedir='/usr/include'
infodir='/usr/share/info'
libdir='/usr/lib64'
libexecdir='/usr/libexec'
localedir='${datarootdir}/locale'
localstatedir='/var'
mandir='/usr/share/man'
oldincludedir='/usr/include'
pdfdir='${docdir}'
prefix='/usr'
program_transform_name='s,x,x,'
psdir='${docdir}'
runstatedir='${localstatedir}/run'
sbindir='/usr/sbin'
sharedstatedir='/var/lib'
sysconfdir='/etc'
target_alias=''

## ----------- ##
## confdefs.h. ##
## ----------- ##

/* confdefs.h */
#define PACKAGE_NAME "Xen Hypervisor Documentation"
#define PACKAGE_TARNAME "xen"
#define PACKAGE_VERSION "4.13"
#define PACKAGE_STRING "Xen Hypervisor Documentation 4.13"
#define PACKAGE_BUGREPORT "xen-devel@lists.xen.org"
#define PACKAGE_URL "http://www.xen.org/"

configure: exit 0
